2013/04/28 17:00:49 [error] [system.db.CDbCommand] CDbCommand::fetchAll() failed: SQLSTATE[42S02]: Base table or view not found: 1146 Table 'hotel2.region' doesn't exist. The SQL statement executed was: SHOW COLUMNS FROM `region`.
in /var/www/hotel2/index_dev.php (19)
2013/04/28 17:00:51 [error] [system.db.CDbCommand] CDbCommand::fetchAll() failed: SQLSTATE[42S02]: Base table or view not found: 1146 Table 'hotel2.region' doesn't exist. The SQL statement executed was: SHOW COLUMNS FROM `region`.
in /var/www/hotel2/index_dev.php (19)
2013/05/09 19:44:14 [error] [system.db.CDbCommand] CDbCommand::fetchAll() failed: SQLSTATE[42S02]: Base table or view not found: 1146 Table 'hotel2.region' doesn't exist. The SQL statement executed was: SHOW COLUMNS FROM `region`.
in /var/www/hotel2/index_dev.php (19)
2013/05/09 19:44:15 [error] [system.db.CDbCommand] CDbCommand::fetchAll() failed: SQLSTATE[42S02]: Base table or view not found: 1146 Table 'hotel2.region' doesn't exist. The SQL statement executed was: SHOW COLUMNS FROM `region`.
in /var/www/hotel2/index_dev.php (19)
2013/05/13 20:14:19 [error] [system.db.CDbCommand] CDbCommand::fetchAll() failed: SQLSTATE[42S02]: Base table or view not found: 1146 Table 'hotel2.region' doesn't exist. The SQL statement executed was: SHOW COLUMNS FROM `region`.
in /var/www/hotel2/index_dev.php (19)
2013/05/13 20:14:26 [error] [system.db.CDbCommand] CDbCommand::fetchAll() failed: SQLSTATE[42S02]: Base table or view not found: 1146 Table 'hotel2.region' doesn't exist. The SQL statement executed was: SHOW COLUMNS FROM `region`.
in /var/www/hotel2/index_dev.php (19)
2013/05/13 20:16:23 [error] [system.db.CDbCommand] CDbCommand::fetchAll() failed: SQLSTATE[42S02]: Base table or view not found: 1146 Table 'hotel2.region' doesn't exist. The SQL statement executed was: SHOW COLUMNS FROM `region`.
in /var/www/hotel2/index_dev.php (19)
2013/05/13 20:16:24 [error] [system.db.CDbCommand] CDbCommand::fetchAll() failed: SQLSTATE[42S02]: Base table or view not found: 1146 Table 'hotel2.region' doesn't exist. The SQL statement executed was: SHOW COLUMNS FROM `region`.
in /var/www/hotel2/index_dev.php (19)
2013/05/13 21:10:13 [error] [system.db.CDbCommand] CDbCommand::fetchAll() failed: SQLSTATE[42S02]: Base table or view not found: 1146 Table 'hotel2.region' doesn't exist. The SQL statement executed was: SHOW COLUMNS FROM `region`.
in /var/www/hotel2/index_dev.php (19)
2013/05/13 21:10:14 [error] [system.db.CDbCommand] CDbCommand::fetchAll() failed: SQLSTATE[42S02]: Base table or view not found: 1146 Table 'hotel2.region' doesn't exist. The SQL statement executed was: SHOW COLUMNS FROM `region`.
in /var/www/hotel2/index_dev.php (19)
2013/05/15 22:12:53 [error] [system.db.CDbCommand] CDbCommand::fetchAll() failed: SQLSTATE[42S02]: Base table or view not found: 1146 Table 'hotel2.region' doesn't exist. The SQL statement executed was: SHOW COLUMNS FROM `region`.
in /var/www/hotel2/index_dev.php (19)
2013/05/15 22:12:55 [error] [system.db.CDbCommand] CDbCommand::fetchAll() failed: SQLSTATE[42S02]: Base table or view not found: 1146 Table 'hotel2.region' doesn't exist. The SQL statement executed was: SHOW COLUMNS FROM `region`.
in /var/www/hotel2/index_dev.php (19)
2013/05/20 16:38:23 [error] [system.db.CDbCommand] CDbCommand::fetchAll() failed: SQLSTATE[42S02]: Base table or view not found: 1146 Table 'hotel2.region' doesn't exist. The SQL statement executed was: SHOW COLUMNS FROM `region`.
in /var/www/hotel2/index_dev.php (19)
2013/05/20 16:38:26 [error] [system.db.CDbCommand] CDbCommand::fetchAll() failed: SQLSTATE[42S02]: Base table or view not found: 1146 Table 'hotel2.region' doesn't exist. The SQL statement executed was: SHOW COLUMNS FROM `region`.
in /var/www/hotel2/index_dev.php (19)
2013/05/20 17:14:17 [error] [system.db.CDbCommand] CDbCommand::fetchAll() failed: SQLSTATE[42S02]: Base table or view not found: 1146 Table 'hotel2.region' doesn't exist. The SQL statement executed was: SHOW COLUMNS FROM `region`.
in /var/www/hotel2/index_dev.php (19)
2013/05/20 17:14:19 [error] [system.db.CDbCommand] CDbCommand::fetchAll() failed: SQLSTATE[42S02]: Base table or view not found: 1146 Table 'hotel2.region' doesn't exist. The SQL statement executed was: SHOW COLUMNS FROM `region`.
in /var/www/hotel2/index_dev.php (19)
2013/05/23 19:46:44 [error] [system.db.CDbCommand] CDbCommand::fetchAll() failed: SQLSTATE[42S02]: Base table or view not found: 1146 Table 'hotel2.region' doesn't exist. The SQL statement executed was: SHOW COLUMNS FROM `region`.
in /var/www/hotel2/index_dev.php (19)
2013/05/23 19:46:49 [error] [system.db.CDbCommand] CDbCommand::fetchAll() failed: SQLSTATE[42S02]: Base table or view not found: 1146 Table 'hotel2.region' doesn't exist. The SQL statement executed was: SHOW COLUMNS FROM `region`.
in /var/www/hotel2/index_dev.php (19)
2013/05/23 19:47:00 [error] [system.db.CDbCommand] CDbCommand::fetchAll() failed: SQLSTATE[42S02]: Base table or view not found: 1146 Table 'hotel2.region' doesn't exist. The SQL statement executed was: SHOW COLUMNS FROM `region`.
in /var/www/hotel2/index_dev.php (19)
2013/05/23 19:47:01 [error] [system.db.CDbCommand] CDbCommand::fetchAll() failed: SQLSTATE[42S02]: Base table or view not found: 1146 Table 'hotel2.region' doesn't exist. The SQL statement executed was: SHOW COLUMNS FROM `region`.
in /var/www/hotel2/index_dev.php (19)
2013/05/23 19:52:50 [error] [system.db.CDbCommand] CDbCommand::fetchAll() failed: SQLSTATE[42S02]: Base table or view not found: 1146 Table 'hotel2.region' doesn't exist. The SQL statement executed was: SHOW COLUMNS FROM `region`.
in /var/www/hotel2/index_dev.php (19)
2013/05/23 19:52:55 [error] [system.db.CDbCommand] CDbCommand::fetchAll() failed: SQLSTATE[42S02]: Base table or view not found: 1146 Table 'hotel2.region' doesn't exist. The SQL statement executed was: SHOW COLUMNS FROM `region`.
in /var/www/hotel2/index_dev.php (19)
2013/05/23 20:00:42 [error] [system.db.CDbCommand] CDbCommand::fetchAll() failed: SQLSTATE[42S02]: Base table or view not found: 1146 Table 'hotel2.campaign_type_moment' doesn't exist. The SQL statement executed was: SHOW COLUMNS FROM `campaign_type_moment`.
in /var/www/hotel2/index_dev.php (19)
2013/05/23 20:00:42 [error] [system.db.CDbCommand] CDbCommand::fetchAll() failed: SQLSTATE[42S02]: Base table or view not found: 1146 Table 'hotel2.region' doesn't exist. The SQL statement executed was: SHOW COLUMNS FROM `region`.
in /var/www/hotel2/index_dev.php (19)
2013/05/23 20:00:53 [error] [system.db.CDbCommand] CDbCommand::fetchAll() failed: SQLSTATE[42S02]: Base table or view not found: 1146 Table 'hotel2.campaign_type_moment' doesn't exist. The SQL statement executed was: SHOW COLUMNS FROM `campaign_type_moment`.
in /var/www/hotel2/index_dev.php (19)
2013/05/23 20:00:53 [error] [system.db.CDbCommand] CDbCommand::fetchAll() failed: SQLSTATE[42S02]: Base table or view not found: 1146 Table 'hotel2.region' doesn't exist. The SQL statement executed was: SHOW COLUMNS FROM `region`.
in /var/www/hotel2/index_dev.php (19)
2013/05/23 20:00:54 [error] [system.db.CDbCommand] CDbCommand::fetchAll() failed: SQLSTATE[42S02]: Base table or view not found: 1146 Table 'hotel2.campaign_type_moment' doesn't exist. The SQL statement executed was: SHOW COLUMNS FROM `campaign_type_moment`.
in /var/www/hotel2/index_dev.php (19)
2013/05/23 20:00:54 [error] [system.db.CDbCommand] CDbCommand::fetchAll() failed: SQLSTATE[42S02]: Base table or view not found: 1146 Table 'hotel2.region' doesn't exist. The SQL statement executed was: SHOW COLUMNS FROM `region`.
in /var/www/hotel2/index_dev.php (19)
2013/05/23 20:05:13 [error] [system.db.CDbCommand] CDbCommand::fetchAll() failed: SQLSTATE[42S02]: Base table or view not found: 1146 Table 'hotel2.region' doesn't exist. The SQL statement executed was: SHOW COLUMNS FROM `region`.
in /var/www/hotel2/index_dev.php (19)
2013/05/23 20:05:14 [error] [system.db.CDbCommand] CDbCommand::fetchAll() failed: SQLSTATE[42S02]: Base table or view not found: 1146 Table 'hotel2.region' doesn't exist. The SQL statement executed was: SHOW COLUMNS FROM `region`.
in /var/www/hotel2/index_dev.php (19)
2013/05/23 20:07:48 [error] [system.db.CDbCommand] CDbCommand::fetchAll() failed: SQLSTATE[42S02]: Base table or view not found: 1146 Table 'hotel2.region' doesn't exist. The SQL statement executed was: SHOW COLUMNS FROM `region`.
in /var/www/hotel2/index_dev.php (19)
2013/05/23 20:07:49 [error] [system.db.CDbCommand] CDbCommand::fetchAll() failed: SQLSTATE[42S02]: Base table or view not found: 1146 Table 'hotel2.region' doesn't exist. The SQL statement executed was: SHOW COLUMNS FROM `region`.
in /var/www/hotel2/index_dev.php (19)
2013/05/29 20:34:16 [error] [system.db.CDbCommand] CDbCommand::fetchAll() failed: SQLSTATE[42S02]: Base table or view not found: 1146 Table 'hotel2.region' doesn't exist. The SQL statement executed was: SHOW COLUMNS FROM `region`.
in /var/www/hotel2/index_dev.php (19)
2013/05/29 20:34:22 [error] [system.db.CDbCommand] CDbCommand::fetchAll() failed: SQLSTATE[42S02]: Base table or view not found: 1146 Table 'hotel2.region' doesn't exist. The SQL statement executed was: SHOW COLUMNS FROM `region`.
in /var/www/hotel2/index_dev.php (19)
2013/05/29 20:34:25 [error] [system.db.CDbCommand] CDbCommand::fetchAll() failed: SQLSTATE[42S02]: Base table or view not found: 1146 Table 'hotel2.region' doesn't exist. The SQL statement executed was: SHOW COLUMNS FROM `region`.
in /var/www/hotel2/index_dev.php (19)
2013/05/29 20:34:56 [error] [system.db.CDbCommand] CDbCommand::fetchAll() failed: SQLSTATE[42S02]: Base table or view not found: 1146 Table 'hotel2.region' doesn't exist. The SQL statement executed was: SHOW COLUMNS FROM `region`.
in /var/www/hotel2/index_dev.php (19)
2013/05/29 20:35:33 [error] [system.db.CDbCommand] CDbCommand::fetchAll() failed: SQLSTATE[42S02]: Base table or view not found: 1146 Table 'hotel2.region' doesn't exist. The SQL statement executed was: SHOW COLUMNS FROM `region`.
in /var/www/hotel2/index_dev.php (19)
2013/05/30 21:49:56 [error] [system.db.CDbCommand] CDbCommand::fetchAll() failed: SQLSTATE[42S02]: Base table or view not found: 1146 Table 'hotel2.region' doesn't exist. The SQL statement executed was: SHOW COLUMNS FROM `region`.
in /var/www/hotel2/index_dev.php (19)
2013/05/30 21:49:59 [error] [system.db.CDbCommand] CDbCommand::fetchAll() failed: SQLSTATE[42S02]: Base table or view not found: 1146 Table 'hotel2.region' doesn't exist. The SQL statement executed was: SHOW COLUMNS FROM `region`.
in /var/www/hotel2/index_dev.php (19)
2013/06/02 17:09:16 [error] [system.db.CDbCommand] CDbCommand::fetchAll() failed: SQLSTATE[42S02]: Base table or view not found: 1146 Table 'hotel2.region' doesn't exist. The SQL statement executed was: SHOW COLUMNS FROM `region`.
in /var/www/hotel2/index_dev.php (19)
2013/06/02 17:09:17 [error] [system.db.CDbCommand] CDbCommand::fetchAll() failed: SQLSTATE[42S02]: Base table or view not found: 1146 Table 'hotel2.region' doesn't exist. The SQL statement executed was: SHOW COLUMNS FROM `region`.
in /var/www/hotel2/index_dev.php (19)
2013/06/07 13:51:54 [error] [system.db.CDbCommand] CDbCommand::fetchColumn() failed: SQLSTATE[42S22]: Column not found: 1054 Unknown column 'campaign_type_id' in 'where clause'. The SQL statement executed was: SELECT COUNT(*) FROM `campaign` `t` WHERE campaign_type_id=:ctid. Bound with :ctid='4'.
2013/06/07 13:51:54 [error] [exception.CDbException] exception 'CDbException' with message 'CDbCommand hibába ütközött az SQL parancs végrehajtása közben: SQLSTATE[42S22]: Column not found: 1054 Unknown column 'campaign_type_id' in 'where clause'' in /var/www/yii_1.1.10/db/CDbCommand.php:528
Stack trace:
#0 /var/www/yii_1.1.10/db/CDbCommand.php(425): CDbCommand->queryInternal('fetchColumn', 0, Array)
#1 /var/www/yii_1.1.10/db/ar/CActiveRecord.php(1536): CDbCommand->queryScalar()
#2 /var/www/hotel2/protected/modules/campaign/components/CampaignTypeManager.php(21): CActiveRecord->count('campaign_type_i...', Array)
#3 /var/www/hotel2/protected/modules/campaign/controllers/CampaignTypeController.php(393): CampaignTypeManager->delete('4')
#4 /var/www/yii_1.1.10/web/actions/CInlineAction.php(50): CampaignTypeController->actionDeleteCampaignType()
#5 /var/www/yii_1.1.10/web/CController.php(309): CInlineAction->runWithParams(Array)
#6 /var/www/yii_1.1.10/web/CController.php(287): CController->runAction(Object(CInlineAction))
#7 /var/www/yii_1.1.10/web/CController.php(266): CController->runActionWithFilters(Object(CInlineAction), Array)
#8 /var/www/yii_1.1.10/web/CWebApplication.php(276): CController->run('deleteCampaignT...')
#9 /var/www/yii_1.1.10/web/CWebApplication.php(135): CWebApplication->runController('campaign/campai...')
#10 /var/www/yii_1.1.10/base/CApplication.php(162): CWebApplication->processRequest()
#11 /var/www/hotel2/index.php(21): CApplication->run()
#12 {main}
REQUEST_URI=/index.php/campaign/campaignType/deleteCampaignType
HTTP_REFERER=http://dance_school.loc/
---
2013/06/07 14:20:23 [error] [exception.CDbException] SQLSTATE[28000] [1045] Access denied for user 'vargabal'@'localhost' (using password: YES)
2013/06/07 14:20:23 [error] [exception.CDbException] exception 'CDbException' with message 'CDbConnection failed to open the DB connection.' in /var/www/yii_1.1.10/db/CDbConnection.php:388
Stack trace:
#0 /var/www/yii_1.1.10/db/CDbConnection.php(331): CDbConnection->open()
#1 /var/www/yii_1.1.10/db/CDbConnection.php(309): CDbConnection->setActive(true)
#2 /var/www/yii_1.1.10/base/CModule.php(388): CDbConnection->init()
#3 /var/www/yii_1.1.10/web/CDbHttpSession.php(154): CModule->getComponent('db')
#4 /var/www/hotel2/protected/components/EDbHttpSession.php(213): CDbHttpSession->getDbConnection()
#5 /var/www/hotel2/protected/components/EDbHttpSession.php(144): EDbHttpSession->getDbConnection()
#6 [internal function]: EDbHttpSession->readSession('ufhfjq3egr26gl7...')
#7 /var/www/yii_1.1.10/web/CHttpSession.php(115): session_start()
#8 /var/www/yii_1.1.10/web/CHttpSession.php(89): CHttpSession->open()
#9 /var/www/yii_1.1.10/base/CModule.php(388): CHttpSession->init()
#10 /var/www/yii_1.1.10/web/CWebApplication.php(195): CModule->getComponent('session')
#11 /var/www/yii_1.1.10/web/auth/CWebUser.php(194): CWebApplication->getSession()
#12 /var/www/hotel2/protected/components/EWebUser.php(24): CWebUser->init()
#13 /var/www/yii_1.1.10/base/CModule.php(388): EWebUser->init()
#14 /var/www/yii_1.1.10/base/CModule.php(104): CModule->getComponent('user')
#15 /var/www/hotel2/protected/views/layouts/main.php(63): CModule->__get('user')
#16 /var/www/yii_1.1.10/web/CBaseController.php(127): require('/var/www/hotel2...')
#17 /var/www/yii_1.1.10/web/CBaseController.php(96): CBaseController->renderInternal('/var/www/hotel2...', Array, true)
#18 /var/www/yii_1.1.10/web/CController.php(785): CBaseController->renderFile('/var/www/hotel2...', Array, true)
#19 /var/www/hotel2/protected/controllers/SiteController.php(50): CController->render('dummy')
#20 /var/www/yii_1.1.10/web/actions/CInlineAction.php(50): SiteController->actionIndex()
#21 /var/www/yii_1.1.10/web/CController.php(309): CInlineAction->runWithParams(Array)
#22 /var/www/yii_1.1.10/web/CController.php(287): CController->runAction(Object(CInlineAction))
#23 /var/www/yii_1.1.10/web/CController.php(266): CController->runActionWithFilters(Object(CInlineAction), Array)
#24 /var/www/yii_1.1.10/web/CWebApplication.php(276): CController->run('')
#25 /var/www/yii_1.1.10/web/CWebApplication.php(135): CWebApplication->runController('')
#26 /var/www/yii_1.1.10/base/CApplication.php(162): CWebApplication->processRequest()
#27 /var/www/hotel2/index.php(21): CApplication->run()
#28 {main}
REQUEST_URI=/
---
2013/06/07 14:20:23 [error] [exception.CHttpException.404] exception 'CHttpException' with message 'Unable to resolve the request "css/exception.css".' in /var/www/yii_1.1.10/web/CWebApplication.php:280
Stack trace:
#0 /var/www/yii_1.1.10/web/CWebApplication.php(135): CWebApplication->runController('css/exception.c...')
#1 /var/www/yii_1.1.10/base/CApplication.php(162): CWebApplication->processRequest()
#2 /var/www/hotel2/index_dev.php(19): CApplication->run()
#3 {main}
REQUEST_URI=/css/exception.css
HTTP_REFERER=http://dance_school.loc/
---
2013/06/07 14:20:31 [error] [exception.CDbException] SQLSTATE[28000] [1045] Access denied for user 'vargabal'@'localhost' (using password: YES)
2013/06/07 14:20:31 [error] [exception.CDbException] exception 'CDbException' with message 'CDbConnection failed to open the DB connection.' in /var/www/yii_1.1.10/db/CDbConnection.php:388
Stack trace:
#0 /var/www/yii_1.1.10/db/CDbConnection.php(331): CDbConnection->open()
#1 /var/www/yii_1.1.10/db/CDbConnection.php(309): CDbConnection->setActive(true)
#2 /var/www/yii_1.1.10/base/CModule.php(388): CDbConnection->init()
#3 /var/www/yii_1.1.10/web/CDbHttpSession.php(154): CModule->getComponent('db')
#4 /var/www/hotel2/protected/components/EDbHttpSession.php(213): CDbHttpSession->getDbConnection()
#5 /var/www/hotel2/protected/components/EDbHttpSession.php(144): EDbHttpSession->getDbConnection()
#6 [internal function]: EDbHttpSession->readSession('ufhfjq3egr26gl7...')
#7 /var/www/yii_1.1.10/web/CHttpSession.php(115): session_start()
#8 /var/www/yii_1.1.10/web/CHttpSession.php(89): CHttpSession->open()
#9 /var/www/yii_1.1.10/base/CModule.php(388): CHttpSession->init()
#10 /var/www/yii_1.1.10/web/CWebApplication.php(195): CModule->getComponent('session')
#11 /var/www/yii_1.1.10/web/auth/CWebUser.php(194): CWebApplication->getSession()
#12 /var/www/hotel2/protected/components/EWebUser.php(24): CWebUser->init()
#13 /var/www/yii_1.1.10/base/CModule.php(388): EWebUser->init()
#14 /var/www/yii_1.1.10/base/CModule.php(104): CModule->getComponent('user')
#15 /var/www/hotel2/protected/views/layouts/main.php(63): CModule->__get('user')
#16 /var/www/yii_1.1.10/web/CBaseController.php(127): require('/var/www/hotel2...')
#17 /var/www/yii_1.1.10/web/CBaseController.php(96): CBaseController->renderInternal('/var/www/hotel2...', Array, true)
#18 /var/www/yii_1.1.10/web/CController.php(785): CBaseController->renderFile('/var/www/hotel2...', Array, true)
#19 /var/www/hotel2/protected/controllers/SiteController.php(50): CController->render('dummy')
#20 /var/www/yii_1.1.10/web/actions/CInlineAction.php(50): SiteController->actionIndex()
#21 /var/www/yii_1.1.10/web/CController.php(309): CInlineAction->runWithParams(Array)
#22 /var/www/yii_1.1.10/web/CController.php(287): CController->runAction(Object(CInlineAction))
#23 /var/www/yii_1.1.10/web/CController.php(266): CController->runActionWithFilters(Object(CInlineAction), Array)
#24 /var/www/yii_1.1.10/web/CWebApplication.php(276): CController->run('')
#25 /var/www/yii_1.1.10/web/CWebApplication.php(135): CWebApplication->runController('')
#26 /var/www/yii_1.1.10/base/CApplication.php(162): CWebApplication->processRequest()
#27 /var/www/hotel2/index.php(21): CApplication->run()
#28 {main}
REQUEST_URI=/
---
2013/06/07 14:20:31 [error] [exception.CHttpException.404] exception 'CHttpException' with message 'Unable to resolve the request "css/exception.css".' in /var/www/yii_1.1.10/web/CWebApplication.php:280
Stack trace:
#0 /var/www/yii_1.1.10/web/CWebApplication.php(135): CWebApplication->runController('css/exception.c...')
#1 /var/www/yii_1.1.10/base/CApplication.php(162): CWebApplication->processRequest()
#2 /var/www/hotel2/index_dev.php(19): CApplication->run()
#3 {main}
REQUEST_URI=/css/exception.css
HTTP_REFERER=http://dance_school.loc/
---
2013/06/07 14:20:50 [error] [exception.CDbException] SQLSTATE[28000] [1045] Access denied for user 'vargabal'@'localhost' (using password: YES)
2013/06/07 14:20:50 [error] [exception.CDbException] exception 'CDbException' with message 'CDbConnection failed to open the DB connection.' in /var/www/yii_1.1.10/db/CDbConnection.php:388
Stack trace:
#0 /var/www/yii_1.1.10/db/CDbConnection.php(331): CDbConnection->open()
#1 /var/www/yii_1.1.10/db/CDbConnection.php(309): CDbConnection->setActive(true)
#2 /var/www/yii_1.1.10/base/CModule.php(388): CDbConnection->init()
#3 /var/www/yii_1.1.10/web/CDbHttpSession.php(154): CModule->getComponent('db')
#4 /var/www/hotel2/protected/components/EDbHttpSession.php(213): CDbHttpSession->getDbConnection()
#5 /var/www/hotel2/protected/components/EDbHttpSession.php(144): EDbHttpSession->getDbConnection()
#6 [internal function]: EDbHttpSession->readSession('th7mncnkpi8lrc3...')
#7 /var/www/yii_1.1.10/web/CHttpSession.php(115): session_start()
#8 /var/www/yii_1.1.10/web/CHttpSession.php(89): CHttpSession->open()
#9 /var/www/yii_1.1.10/base/CModule.php(388): CHttpSession->init()
#10 /var/www/yii_1.1.10/web/CWebApplication.php(195): CModule->getComponent('session')
#11 /var/www/yii_1.1.10/web/auth/CWebUser.php(194): CWebApplication->getSession()
#12 /var/www/hotel2/protected/components/EWebUser.php(24): CWebUser->init()
#13 /var/www/yii_1.1.10/base/CModule.php(388): EWebUser->init()
#14 /var/www/yii_1.1.10/base/CModule.php(104): CModule->getComponent('user')
#15 /var/www/hotel2/protected/views/layouts/main.php(63): CModule->__get('user')
#16 /var/www/yii_1.1.10/web/CBaseController.php(127): require('/var/www/hotel2...')
#17 /var/www/yii_1.1.10/web/CBaseController.php(96): CBaseController->renderInternal('/var/www/hotel2...', Array, true)
#18 /var/www/yii_1.1.10/web/CController.php(785): CBaseController->renderFile('/var/www/hotel2...', Array, true)
#19 /var/www/hotel2/protected/controllers/SiteController.php(50): CController->render('dummy')
#20 /var/www/yii_1.1.10/web/actions/CInlineAction.php(50): SiteController->actionIndex()
#21 /var/www/yii_1.1.10/web/CController.php(309): CInlineAction->runWithParams(Array)
#22 /var/www/yii_1.1.10/web/CController.php(287): CController->runAction(Object(CInlineAction))
#23 /var/www/yii_1.1.10/web/CController.php(266): CController->runActionWithFilters(Object(CInlineAction), Array)
#24 /var/www/yii_1.1.10/web/CWebApplication.php(276): CController->run('')
#25 /var/www/yii_1.1.10/web/CWebApplication.php(135): CWebApplication->runController('')
#26 /var/www/yii_1.1.10/base/CApplication.php(162): CWebApplication->processRequest()
#27 /var/www/hotel2/index.php(21): CApplication->run()
#28 {main}
REQUEST_URI=/
---
2013/06/07 14:20:50 [error] [exception.CHttpException.404] exception 'CHttpException' with message 'Unable to resolve the request "css/exception.css".' in /var/www/yii_1.1.10/web/CWebApplication.php:280
Stack trace:
#0 /var/www/yii_1.1.10/web/CWebApplication.php(135): CWebApplication->runController('css/exception.c...')
#1 /var/www/yii_1.1.10/base/CApplication.php(162): CWebApplication->processRequest()
#2 /var/www/hotel2/index_dev.php(19): CApplication->run()
#3 {main}
REQUEST_URI=/css/exception.css
HTTP_REFERER=http://dance_school.loc/
---
2013/06/07 16:37:55 [error] [system.db.CDbCommand] CDbCommand::fetchAll() failed: SQLSTATE[42S02]: Base table or view not found: 1146 Table 'hotel2.region' doesn't exist. The SQL statement executed was: SHOW COLUMNS FROM `region`.
in /var/www/hotel2/index_dev.php (19)
2013/06/07 16:37:58 [error] [system.db.CDbCommand] CDbCommand::fetchAll() failed: SQLSTATE[42S02]: Base table or view not found: 1146 Table 'hotel2.region' doesn't exist. The SQL statement executed was: SHOW COLUMNS FROM `region`.
in /var/www/hotel2/index_dev.php (19)
2013/06/07 17:23:53 [error] [system.db.CDbCommand] CDbCommand::fetchAll() failed: SQLSTATE[42S02]: Base table or view not found: 1146 Table 'hotel2.region' doesn't exist. The SQL statement executed was: SHOW COLUMNS FROM `region`.
in /var/www/hotel2/index_dev.php (19)
2013/06/07 17:23:55 [error] [system.db.CDbCommand] CDbCommand::fetchAll() failed: SQLSTATE[42S02]: Base table or view not found: 1146 Table 'hotel2.region' doesn't exist. The SQL statement executed was: SHOW COLUMNS FROM `region`.
in /var/www/hotel2/index_dev.php (19)
2013/06/07 17:36:56 [error] [system.db.CDbCommand] CDbCommand::fetchAll() failed: SQLSTATE[42S02]: Base table or view not found: 1146 Table 'hotel2.region' doesn't exist. The SQL statement executed was: SHOW COLUMNS FROM `region`.
in /var/www/hotel2/index_dev.php (19)
2013/06/07 17:37:09 [error] [system.db.CDbCommand] CDbCommand::fetchAll() failed: SQLSTATE[42S02]: Base table or view not found: 1146 Table 'hotel2.region' doesn't exist. The SQL statement executed was: SHOW COLUMNS FROM `region`.
in /var/www/hotel2/index_dev.php (19)
2013/06/07 17:37:11 [error] [system.db.CDbCommand] CDbCommand::fetchAll() failed: SQLSTATE[42S02]: Base table or view not found: 1146 Table 'hotel2.region' doesn't exist. The SQL statement executed was: SHOW COLUMNS FROM `region`.
in /var/www/hotel2/index_dev.php (19)
2013/06/08 16:32:46 [error] [exception.CHttpException.404] exception 'CHttpException' with message 'A rendszer nem találja a "showPayIn" action-t.' in /var/www/yii_1.1.10/web/CController.php:484
Stack trace:
#0 /var/www/yii_1.1.10/web/CController.php(271): CController->missingAction('showPayIn')
#1 /var/www/yii_1.1.10/web/CWebApplication.php(276): CController->run('showPayIn')
#2 /var/www/yii_1.1.10/web/CWebApplication.php(135): CWebApplication->runController('price/index/sho...')
#3 /var/www/yii_1.1.10/base/CApplication.php(162): CWebApplication->processRequest()
#4 /var/www/hotel2/index.php(21): CApplication->run()
#5 {main}
REQUEST_URI=/index.php/price/index/showPayIn
HTTP_REFERER=http://dance_school.loc/
---
2013/06/08 16:39:23 [error] [php] Trying to get property of non-object (/var/www/hotel2/protected/modules/campaign/components/CampaignManager.php:1229)
Stack trace:
#0 /var/www/yii_1.1.10/web/CController.php(309): CInlineAction->runWithParams()
#1 /var/www/yii_1.1.10/web/CController.php(287): CampaignController->runAction()
#2 /var/www/yii_1.1.10/web/CController.php(266): CampaignController->runActionWithFilters()
#3 /var/www/yii_1.1.10/web/CWebApplication.php(276): CampaignController->run()
#4 /var/www/yii_1.1.10/web/CWebApplication.php(135): HotelWebApplication->runController()
#5 /var/www/yii_1.1.10/base/CApplication.php(162): HotelWebApplication->processRequest()
#6 /var/www/hotel2/index.php(21): HotelWebApplication->run()
REQUEST_URI=/index.php/campaign/campaign/getCampaignPriceRulesList?_dc=1370702363052
2013/06/08 16:40:29 [error] [php] Trying to get property of non-object (/var/www/hotel2/protected/modules/campaign/components/CampaignManager.php:1229)
Stack trace:
#0 /var/www/yii_1.1.10/web/CController.php(309): CInlineAction->runWithParams()
#1 /var/www/yii_1.1.10/web/CController.php(287): CampaignController->runAction()
#2 /var/www/yii_1.1.10/web/CController.php(266): CampaignController->runActionWithFilters()
#3 /var/www/yii_1.1.10/web/CWebApplication.php(276): CampaignController->run()
#4 /var/www/yii_1.1.10/web/CWebApplication.php(135): HotelWebApplication->runController()
#5 /var/www/yii_1.1.10/base/CApplication.php(162): HotelWebApplication->processRequest()
#6 /var/www/hotel2/index.php(21): HotelWebApplication->run()
REQUEST_URI=/index.php/campaign/campaign/getCampaignPriceRulesList?_dc=1370702428620
2013/06/08 16:42:11 [error] [php] Trying to get property of non-object (/var/www/hotel2/protected/modules/campaign/components/CampaignManager.php:1229)
Stack trace:
#0 /var/www/yii_1.1.10/web/CController.php(309): CInlineAction->runWithParams()
#1 /var/www/yii_1.1.10/web/CController.php(287): CampaignController->runAction()
#2 /var/www/yii_1.1.10/web/CController.php(266): CampaignController->runActionWithFilters()
#3 /var/www/yii_1.1.10/web/CWebApplication.php(276): CampaignController->run()
#4 /var/www/yii_1.1.10/web/CWebApplication.php(135): HotelWebApplication->runController()
#5 /var/www/yii_1.1.10/base/CApplication.php(162): HotelWebApplication->processRequest()
#6 /var/www/hotel2/index.php(21): HotelWebApplication->run()
REQUEST_URI=/index.php/campaign/campaign/getCampaignPriceRulesList?_dc=1370702530352
2013/06/08 16:51:30 [error] [exception.CException] exception 'CException' with message 'A tulajdonság "TicketType.usable_days" nincs definiálva.' in /var/www/yii_1.1.10/base/CComponent.php:131
Stack trace:
#0 /var/www/yii_1.1.10/db/ar/CActiveRecord.php(144): CComponent->__get('usable_days')
#1 /var/www/hotel2/protected/modules/ticket/controllers/TicketTypeController.php(350): CActiveRecord->__get('usable_days')
#2 /var/www/yii_1.1.10/web/actions/CInlineAction.php(50): TicketTypeController->actionGetRecordData()
#3 /var/www/yii_1.1.10/web/CController.php(309): CInlineAction->runWithParams(Array)
#4 /var/www/yii_1.1.10/web/CController.php(287): CController->runAction(Object(CInlineAction))
#5 /var/www/yii_1.1.10/web/CController.php(266): CController->runActionWithFilters(Object(CInlineAction), Array)
#6 /var/www/yii_1.1.10/web/CWebApplication.php(276): CController->run('getRecordData')
#7 /var/www/yii_1.1.10/web/CWebApplication.php(135): CWebApplication->runController('ticket/ticketTy...')
#8 /var/www/yii_1.1.10/base/CApplication.php(162): CWebApplication->processRequest()
#9 /var/www/hotel2/index.php(21): CApplication->run()
#10 {main}
REQUEST_URI=/index.php/ticket/ticketType/getRecordData
HTTP_REFERER=http://dance_school.loc/
---
2013/06/08 17:15:20 [error] [exception.CHttpException.404] exception 'CHttpException' with message 'A rendszer nem találja a "showPayIn" action-t.' in /var/www/yii_1.1.10/web/CController.php:484
Stack trace:
#0 /var/www/yii_1.1.10/web/CController.php(271): CController->missingAction('showPayIn')
#1 /var/www/yii_1.1.10/web/CWebApplication.php(276): CController->run('showPayIn')
#2 /var/www/yii_1.1.10/web/CWebApplication.php(135): CWebApplication->runController('price/index/sho...')
#3 /var/www/yii_1.1.10/base/CApplication.php(162): CWebApplication->processRequest()
#4 /var/www/hotel2/index.php(21): CApplication->run()
#5 {main}
REQUEST_URI=/index.php/price/index/showPayIn
HTTP_REFERER=http://dance_school.loc/
---
2013/06/08 17:15:28 [error] [exception.CHttpException.404] exception 'CHttpException' with message 'A rendszer nem találja a "showPayIn" action-t.' in /var/www/yii_1.1.10/web/CController.php:484
Stack trace:
#0 /var/www/yii_1.1.10/web/CController.php(271): CController->missingAction('showPayIn')
#1 /var/www/yii_1.1.10/web/CWebApplication.php(276): CController->run('showPayIn')
#2 /var/www/yii_1.1.10/web/CWebApplication.php(135): CWebApplication->runController('price/index/sho...')
#3 /var/www/yii_1.1.10/base/CApplication.php(162): CWebApplication->processRequest()
#4 /var/www/hotel2/index.php(21): CApplication->run()
#5 {main}
REQUEST_URI=/index.php/price/index/showPayIn
HTTP_REFERER=http://dance_school.loc/
---
2013/06/08 17:24:35 [error] [exception.CHttpException.404] exception 'CHttpException' with message 'A rendszer nem találja a "showPayIn" action-t.' in /var/www/yii_1.1.10/web/CController.php:484
Stack trace:
#0 /var/www/yii_1.1.10/web/CController.php(271): CController->missingAction('showPayIn')
#1 /var/www/yii_1.1.10/web/CWebApplication.php(276): CController->run('showPayIn')
#2 /var/www/yii_1.1.10/web/CWebApplication.php(135): CWebApplication->runController('price/index/sho...')
#3 /var/www/yii_1.1.10/base/CApplication.php(162): CWebApplication->processRequest()
#4 /var/www/hotel2/index.php(21): CApplication->run()
#5 {main}
REQUEST_URI=/index.php/price/index/showPayIn
HTTP_REFERER=http://dance_school.loc/
---
2013/06/08 17:25:38 [error] [exception.CHttpException.404] exception 'CHttpException' with message 'A rendszer nem találja a "test" action-t.' in /var/www/yii_1.1.10/web/CController.php:484
Stack trace:
#0 /var/www/yii_1.1.10/web/CController.php(271): CController->missingAction('test')
#1 /var/www/yii_1.1.10/web/CWebApplication.php(276): CController->run('test')
#2 /var/www/yii_1.1.10/web/CWebApplication.php(135): CWebApplication->runController('price/index/tes...')
#3 /var/www/yii_1.1.10/base/CApplication.php(162): CWebApplication->processRequest()
#4 /var/www/hotel2/index.php(21): CApplication->run()
#5 {main}
REQUEST_URI=/index.php/price/index/test
HTTP_REFERER=http://dance_school.loc/
---
2013/06/08 17:27:22 [error] [exception.CHttpException.404] exception 'CHttpException' with message 'A rendszer nem találja a "showPayIn" action-t.' in /var/www/yii_1.1.10/web/CController.php:484
Stack trace:
#0 /var/www/yii_1.1.10/web/CController.php(271): CController->missingAction('showPayIn')
#1 /var/www/yii_1.1.10/web/CWebApplication.php(276): CController->run('showPayIn')
#2 /var/www/yii_1.1.10/web/CWebApplication.php(135): CWebApplication->runController('price/index/sho...')
#3 /var/www/yii_1.1.10/base/CApplication.php(162): CWebApplication->processRequest()
#4 /var/www/hotel2/index.php(21): CApplication->run()
#5 {main}
REQUEST_URI=/index.php/price/index/showPayIn
HTTP_REFERER=http://dance_school.loc/
---
2013/06/08 17:29:38 [error] [exception.CHttpException.404] exception 'CHttpException' with message 'A rendszer nem találja a "showOayIn" action-t.' in /var/www/yii_1.1.10/web/CController.php:484
Stack trace:
#0 /var/www/yii_1.1.10/web/CController.php(271): CController->missingAction('showOayIn')
#1 /var/www/yii_1.1.10/web/CWebApplication.php(276): CController->run('showOayIn')
#2 /var/www/yii_1.1.10/web/CWebApplication.php(135): CWebApplication->runController('price/index/sho...')
#3 /var/www/yii_1.1.10/base/CApplication.php(162): CWebApplication->processRequest()
#4 /var/www/hotel2/index.php(21): CApplication->run()
#5 {main}
REQUEST_URI=/index.php/price/index/showOayIn
---
2013/06/08 17:29:39 [error] [exception.CHttpException.404] exception 'CHttpException' with message 'Unable to resolve the request "css/exception.css".' in /var/www/yii_1.1.10/web/CWebApplication.php:280
Stack trace:
#0 /var/www/yii_1.1.10/web/CWebApplication.php(135): CWebApplication->runController('css/exception.c...')
#1 /var/www/yii_1.1.10/base/CApplication.php(162): CWebApplication->processRequest()
#2 /var/www/hotel2/index_dev.php(19): CApplication->run()
#3 {main}
REQUEST_URI=/css/exception.css
HTTP_REFERER=http://dance_school.loc/index.php/price/index/showOayIn
---
2013/06/08 17:29:43 [error] [exception.CHttpException.404] exception 'CHttpException' with message 'A rendszer nem találja a "showPayIn" action-t.' in /var/www/yii_1.1.10/web/CController.php:484
Stack trace:
#0 /var/www/yii_1.1.10/web/CController.php(271): CController->missingAction('showPayIn')
#1 /var/www/yii_1.1.10/web/CWebApplication.php(276): CController->run('showPayIn')
#2 /var/www/yii_1.1.10/web/CWebApplication.php(135): CWebApplication->runController('price/index/sho...')
#3 /var/www/yii_1.1.10/base/CApplication.php(162): CWebApplication->processRequest()
#4 /var/www/hotel2/index.php(21): CApplication->run()
#5 {main}
REQUEST_URI=/index.php/price/index/showPayIn
---
2013/06/08 17:29:43 [error] [exception.CHttpException.404] exception 'CHttpException' with message 'Unable to resolve the request "css/exception.css".' in /var/www/yii_1.1.10/web/CWebApplication.php:280
Stack trace:
#0 /var/www/yii_1.1.10/web/CWebApplication.php(135): CWebApplication->runController('css/exception.c...')
#1 /var/www/yii_1.1.10/base/CApplication.php(162): CWebApplication->processRequest()
#2 /var/www/hotel2/index_dev.php(19): CApplication->run()
#3 {main}
REQUEST_URI=/css/exception.css
HTTP_REFERER=http://dance_school.loc/index.php/price/index/showPayIn
---
2013/06/08 17:30:28 [error] [exception.CHttpException.404] exception 'CHttpException' with message 'Unable to resolve the request "price/default".' in /var/www/yii_1.1.10/web/CWebApplication.php:280
Stack trace:
#0 /var/www/yii_1.1.10/web/CWebApplication.php(135): CWebApplication->runController('price/default')
#1 /var/www/yii_1.1.10/base/CApplication.php(162): CWebApplication->processRequest()
#2 /var/www/hotel2/index.php(21): CApplication->run()
#3 {main}
REQUEST_URI=/index.php/price/default
---
2013/06/08 17:30:28 [error] [exception.CHttpException.404] exception 'CHttpException' with message 'Unable to resolve the request "css/exception.css".' in /var/www/yii_1.1.10/web/CWebApplication.php:280
Stack trace:
#0 /var/www/yii_1.1.10/web/CWebApplication.php(135): CWebApplication->runController('css/exception.c...')
#1 /var/www/yii_1.1.10/base/CApplication.php(162): CWebApplication->processRequest()
#2 /var/www/hotel2/index_dev.php(19): CApplication->run()
#3 {main}
REQUEST_URI=/css/exception.css
HTTP_REFERER=http://dance_school.loc/index.php/price/default
---
2013/06/08 21:46:13 [error] [php] Trying to get property of non-object (/var/www/hotel2/protected/modules/campaign/components/CampaignManager.php:1229)
Stack trace:
#0 /var/www/yii_1.1.10/web/CController.php(309): CInlineAction->runWithParams()
#1 /var/www/yii_1.1.10/web/CController.php(287): CampaignController->runAction()
#2 /var/www/yii_1.1.10/web/CController.php(266): CampaignController->runActionWithFilters()
#3 /var/www/yii_1.1.10/web/CWebApplication.php(276): CampaignController->run()
#4 /var/www/yii_1.1.10/web/CWebApplication.php(135): HotelWebApplication->runController()
#5 /var/www/yii_1.1.10/base/CApplication.php(162): HotelWebApplication->processRequest()
#6 /var/www/hotel2/index.php(21): HotelWebApplication->run()
REQUEST_URI=/index.php/campaign/campaign/getCampaignPriceRulesList?_dc=1370720773305
2013/06/08 21:46:33 [error] [php] Trying to get property of non-object (/var/www/hotel2/protected/modules/campaign/components/CampaignManager.php:1229)
Stack trace:
#0 /var/www/yii_1.1.10/web/CController.php(309): CInlineAction->runWithParams()
#1 /var/www/yii_1.1.10/web/CController.php(287): CampaignController->runAction()
#2 /var/www/yii_1.1.10/web/CController.php(266): CampaignController->runActionWithFilters()
#3 /var/www/yii_1.1.10/web/CWebApplication.php(276): CampaignController->run()
#4 /var/www/yii_1.1.10/web/CWebApplication.php(135): HotelWebApplication->runController()
#5 /var/www/yii_1.1.10/base/CApplication.php(162): HotelWebApplication->processRequest()
#6 /var/www/hotel2/index.php(21): HotelWebApplication->run()
REQUEST_URI=/index.php/campaign/campaign/getCampaignPriceRulesList?_dc=1370720792693
2013/06/08 21:47:39 [error] [php] Trying to get property of non-object (/var/www/hotel2/protected/modules/campaign/components/CampaignManager.php:1229)
Stack trace:
#0 /var/www/yii_1.1.10/web/CController.php(309): CInlineAction->runWithParams()
#1 /var/www/yii_1.1.10/web/CController.php(287): CampaignController->runAction()
#2 /var/www/yii_1.1.10/web/CController.php(266): CampaignController->runActionWithFilters()
#3 /var/www/yii_1.1.10/web/CWebApplication.php(276): CampaignController->run()
#4 /var/www/yii_1.1.10/web/CWebApplication.php(135): HotelWebApplication->runController()
#5 /var/www/yii_1.1.10/base/CApplication.php(162): HotelWebApplication->processRequest()
#6 /var/www/hotel2/index.php(21): HotelWebApplication->run()
REQUEST_URI=/index.php/campaign/campaign/getCampaignPriceRulesList?_dc=1370720858943
2013/06/11 14:56:32 [error] [system.db.CDbCommand] CDbCommand::fetchAll() failed: SQLSTATE[HY093]: Invalid parameter number: number of bound variables does not match number of tokens. The SQL statement executed was: SELECT SQL_CALC_FOUND_ROWS  t.id, m.id AS member_id, m.name AS member_name, tt.moment_count AS ticket_type_moment_count, t.moment_left AS ticket_moment_left, tcm.id AS ticket_campaign_moment_id, IF(m.id=0, 1, 0) AS free, ttct.is_main, ttct.is_free, t.price AS ticket_price, t.payed_price
FROM `ticket` `t`
JOIN `campaign_ticket` `cticket` ON t.id = cticket.ticket_id
JOIN `ticket_type` `tt` ON t.ticket_type_id = tt.id
JOIN `ticket_type_campaign_type` `ttct` ON t.ticket_type_id = ttct.ticket_type_id
JOIN `member` `m` ON t.member_id = m.id
LEFT JOIN `ticket_campaign_moment` `tcm` ON tcm.ticket_id = t.id AND tcm.campaign_moment_id=:cmid
WHERE ttct.campaign_type_id=:campaign_type_id 
    								AND ((t.moment_left=0 
    										AND tcm.id IS NOT NULL
    									  ) 
    			                          OR ((t.moment_left!=0)
    											AND t.active_from <= NOW() 
    											AND t.active_to > NOW()
    										  )
										  
    			  						 )
ORDER BY `member_name` ASC LIMIT 50. Bound with :cmid='1', :campaign_type_id='1', :t_campaign_id='1'.
2013/06/11 14:56:32 [error] [exception.CDbException] exception 'CDbException' with message 'CDbCommand hibába ütközött az SQL parancs végrehajtása közben: SQLSTATE[HY093]: Invalid parameter number: number of bound variables does not match number of tokens' in /var/www/yii_1.1.10/db/CDbCommand.php:528
Stack trace:
#0 /var/www/yii_1.1.10/db/CDbCommand.php(390): CDbCommand->queryInternal('fetchAll', Array, Array)
#1 /var/www/hotel2/protected/components/DBManager.php(84): CDbCommand->queryAll()
#2 /var/www/hotel2/protected/modules/campaign/components/CampaignManager.php(465): DBManager->query(Array)
#3 /var/www/hotel2/protected/modules/interface/controllers/AttendanceSheetController.php(476): CampaignManager->getCampaignMember('1', Array)
#4 /var/www/yii_1.1.10/web/actions/CInlineAction.php(50): AttendanceSheetController->actionGetCampaignMemberList()
#5 /var/www/yii_1.1.10/web/CController.php(309): CInlineAction->runWithParams(Array)
#6 /var/www/yii_1.1.10/web/CController.php(287): CController->runAction(Object(CInlineAction))
#7 /var/www/yii_1.1.10/web/CController.php(266): CController->runActionWithFilters(Object(CInlineAction), Array)
#8 /var/www/yii_1.1.10/web/CWebApplication.php(276): CController->run('getCampaignMemb...')
#9 /var/www/yii_1.1.10/web/CWebApplication.php(135): CWebApplication->runController('interface/atten...')
#10 /var/www/yii_1.1.10/base/CApplication.php(162): CWebApplication->processRequest()
#11 /var/www/hotel2/index.php(21): CApplication->run()
#12 {main}
REQUEST_URI=/index.php/interface/attendanceSheet/getCampaignMemberList?_dc=1370955392078
HTTP_REFERER=http://dance_school.loc/
---
